# JRE version: Java(TM) SE Runtime Environment (8.0_40-b26) (build 1.8.0_40-b26)
# Java VM: Java HotSpot(TM) 64-Bit Server VM (25.40-b25 mixed mode windows-amd64 compressed oops)
Heap:
 PSYoungGen      total 349696K, used 92364K [0x00000000e0000000, 0x0000000100000000, 0x0000000100000000)
  eden space 175104K, 34% used [0x00000000e0000000,0x00000000e3af7f88,0x00000000eab00000)
  from space 174592K, 18% used [0x00000000eab00000,0x00000000eca3b078,0x00000000f5580000)
  to   space 174592K, 0% used [0x00000000f5580000,0x00000000f5580000,0x0000000100000000)
 ParOldGen       total 1048576K, used 867777K [0x00000000a0000000, 0x00000000e0000000, 0x00000000e0000000)
  object space 1048576K, 82% used [0x00000000a0000000,0x00000000d4f707a8,0x00000000e0000000)
 Metaspace       used 63760K, capacity 65210K, committed 65408K, reserved 1105920K
  class space    used 8231K, capacity 8539K, committed 8576K, reserved 1048576K
GC Heap History (10 events):
Event: 731.273 GC heap before
{Heap before GC invocations=76 (full 17):
 PSYoungGen      total 349696K, used 175104K [0x00000000e0000000, 0x0000000100000000, 0x0000000100000000)
  eden space 175104K, 100% used [0x00000000e0000000,0x00000000eab00000,0x00000000eab00000)
  from space 174592K, 0% used [0x00000000eab00000,0x00000000eab00000,0x00000000f5580000)
  to   space 174592K, 0% used [0x00000000f5580000,0x00000000f5580000,0x0000000100000000)
 ParOldGen       total 740352K, used 739876K [0x00000000a0000000, 0x00000000cd300000, 0x00000000e0000000)
  object space 740352K, 99% used [0x00000000a0000000,0x00000000cd289268,0x00000000cd300000)
 Metaspace       used 63269K, capacity 64698K, committed 64896K, reserved 1105920K
  class space    used 8212K, capacity 8539K, committed 8576K, reserved 1048576K
Event: 737.413 GC heap after
Heap after GC invocations=76 (full 17):
 PSYoungGen      total 349696K, used 51454K [0x00000000e0000000, 0x0000000100000000, 0x0000000100000000)
  eden space 175104K, 29% used [0x00000000e0000000,0x00000000e323fa90,0x00000000eab00000)
  from space 174592K, 0% used [0x00000000eab00000,0x00000000eab00000,0x00000000f5580000)
  to   space 174592K, 0% used [0x00000000f5580000,0x00000000f5580000,0x0000000100000000)
 ParOldGen       total 740352K, used 739867K [0x00000000a0000000, 0x00000000cd300000, 0x00000000e0000000)
  object space 740352K, 99% used [0x00000000a0000000,0x00000000cd286ce8,0x00000000cd300000)
 Metaspace       used 63269K, capacity 64698K, committed 64896K, reserved 1105920K
  class space    used 8212K, capacity 8539K, committed 8576K, reserved 1048576K
}
Event: 744.481 GC heap before
{Heap before GC invocations=77 (full 18):
 PSYoungGen      total 349696K, used 175104K [0x00000000e0000000, 0x0000000100000000, 0x0000000100000000)
  eden space 175104K, 100% used [0x00000000e0000000,0x00000000eab00000,0x00000000eab00000)
  from space 174592K, 0% used [0x00000000eab00000,0x00000000eab00000,0x00000000f5580000)
  to   space 174592K, 0% used [0x00000000f5580000,0x00000000f5580000,0x0000000100000000)
 ParOldGen       total 740352K, used 739867K [0x00000000a0000000, 0x00000000cd300000, 0x00000000e0000000)
  object space 740352K, 99% used [0x00000000a0000000,0x00000000cd286ce8,0x00000000cd300000)
 Metaspace       used 63270K, capacity 64698K, committed 64896K, reserved 1105920K
  class space    used 8212K, capacity 8539K, committed 8576K, reserved 1048576K
Event: 753.488 GC heap after
Heap after GC invocations=77 (full 18):
 PSYoungGen      total 349696K, used 68990K [0x00000000e0000000, 0x0000000100000000, 0x0000000100000000)
  eden space 175104K, 39% used [0x00000000e0000000,0x00000000e435fbb0,0x00000000eab00000)
  from space 174592K, 0% used [0x00000000eab00000,0x00000000eab00000,0x00000000f5580000)
  to   space 174592K, 0% used [0x00000000f5580000,0x00000000f5580000,0x0000000100000000)
 ParOldGen       total 740352K, used 739865K [0x00000000a0000000, 0x00000000cd300000, 0x00000000e0000000)
  object space 740352K, 99% used [0x00000000a0000000,0x00000000cd2864b8,0x00000000cd300000)
 Metaspace       used 63270K, capacity 64698K, committed 64896K, reserved 1105920K
  class space    used 8212K, capacity 8539K, committed 8576K, reserved 1048576K
}
Event: 782.083 GC heap before
{Heap before GC invocations=78 (full 19):
 PSYoungGen      total 349696K, used 175104K [0x00000000e0000000, 0x0000000100000000, 0x0000000100000000)
  eden space 175104K, 100% used [0x00000000e0000000,0x00000000eab00000,0x00000000eab00000)
  from space 174592K, 0% used [0x00000000eab00000,0x00000000eab00000,0x00000000f5580000)
  to   space 174592K, 0% used [0x00000000f5580000,0x00000000f5580000,0x0000000100000000)
 ParOldGen       total 740352K, used 739865K [0x00000000a0000000, 0x00000000cd300000, 0x00000000e0000000)
  object space 740352K, 99% used [0x00000000a0000000,0x00000000cd2864b8,0x00000000cd300000)
 Metaspace       used 63326K, capacity 64762K, committed 64896K, reserved 1105920K
  class space    used 8214K, capacity 8539K, committed 8576K, reserved 1048576K
Event: 792.156 GC heap after
Heap after GC invocations=78 (full 19):
 PSYoungGen      total 349696K, used 74498K [0x00000000e0000000, 0x0000000100000000, 0x0000000100000000)
  eden space 175104K, 42% used [0x00000000e0000000,0x00000000e48c0988,0x00000000eab00000)
  from space 174592K, 0% used [0x00000000eab00000,0x00000000eab00000,0x00000000f5580000)
  to   space 174592K, 0% used [0x00000000f5580000,0x00000000f5580000,0x0000000100000000)
 ParOldGen       total 1048576K, used 740242K [0x00000000a0000000, 0x00000000e0000000, 0x00000000e0000000)
  object space 1048576K, 70% used [0x00000000a0000000,0x00000000cd2e4ad8,0x00000000e0000000)
 Metaspace       used 63326K, capacity 64762K, committed 64896K, reserved 1105920K
  class space    used 8214K, capacity 8539K, committed 8576K, reserved 1048576K
}
Event: 792.364 GC heap before
{Heap before GC invocations=79 (full 19):
 PSYoungGen      total 349696K, used 175104K [0x00000000e0000000, 0x0000000100000000, 0x0000000100000000)
  eden space 175104K, 100% used [0x00000000e0000000,0x00000000eab00000,0x00000000eab00000)
  from space 174592K, 0% used [0x00000000eab00000,0x00000000eab00000,0x00000000f5580000)
  to   space 174592K, 0% used [0x00000000f5580000,0x00000000f5580000,0x0000000100000000)
 ParOldGen       total 1048576K, used 740242K [0x00000000a0000000, 0x00000000e0000000, 0x00000000e0000000)
  object space 1048576K, 70% used [0x00000000a0000000,0x00000000cd2e4ad8,0x00000000e0000000)
 Metaspace       used 63328K, capacity 64762K, committed 64896K, reserved 1105920K
  class space    used 8214K, capacity 8539K, committed 8576K, reserved 1048576K
Event: 793.007 GC heap after
Heap after GC invocations=79 (full 19):
 PSYoungGen      total 349696K, used 85014K [0x00000000e0000000, 0x0000000100000000, 0x0000000100000000)
  eden space 175104K, 0% used [0x00000000e0000000,0x00000000e0000000,0x00000000eab00000)
  from space 174592K, 48% used [0x00000000f5580000,0x00000000fa885b98,0x0000000100000000)
  to   space 174592K, 0% used [0x00000000eab00000,0x00000000eab00000,0x00000000f5580000)
 ParOldGen       total 1048576K, used 740250K [0x00000000a0000000, 0x00000000e0000000, 0x00000000e0000000)
  object space 1048576K, 70% used [0x00000000a0000000,0x00000000cd2e6ad8,0x00000000e0000000)
 Metaspace       used 63328K, capacity 64762K, committed 64896K, reserved 1105920K
  class space    used 8214K, capacity 8539K, committed 8576K, reserved 1048576K
}
Event: 801.012 GC heap before
{Heap before GC invocations=80 (full 19):
 PSYoungGen      total 349696K, used 260118K [0x00000000e0000000, 0x0000000100000000, 0x0000000100000000)
  eden space 175104K, 100% used [0x00000000e0000000,0x00000000eab00000,0x00000000eab00000)
  from space 174592K, 48% used [0x00000000f5580000,0x00000000fa885b98,0x0000000100000000)
  to   space 174592K, 0% used [0x00000000eab00000,0x00000000eab00000,0x00000000f5580000)
 ParOldGen       total 1048576K, used 740250K [0x00000000a0000000, 0x00000000e0000000, 0x00000000e0000000)
  object space 1048576K, 70% used [0x00000000a0000000,0x00000000cd2e6ad8,0x00000000e0000000)
 Metaspace       used 63565K, capacity 65018K, committed 65152K, reserved 1105920K
  class space    used 8226K, capacity 8539K, committed 8576K, reserved 1048576K
Event: 801.281 GC heap after
Heap after GC invocations=80 (full 19):
 PSYoungGen      total 349696K, used 124909K [0x00000000e0000000, 0x0000000100000000, 0x0000000100000000)
  eden space 175104K, 0% used [0x00000000e0000000,0x00000000e0000000,0x00000000eab00000)
  from space 174592K, 71% used [0x00000000eab00000,0x00000000f24fb788,0x00000000f5580000)
  to   space 174592K, 0% used [0x00000000f5580000,0x00000000f5580000,0x0000000100000000)
 ParOldGen       total 1048576K, used 740250K [0x00000000a0000000, 0x00000000e0000000, 0x00000000e0000000)
  object space 1048576K, 70% used [0x00000000a0000000,0x00000000cd2e6ad8,0x00000000e0000000)
 Metaspace       used 63565K, capacity 65018K, committed 65152K, reserved 1105920K
  class space    used 8226K, capacity 8539K, committed 8576K, reserved 1048576K
}

